{"uuid":"16384e9e-d1e8-43aa-8493-e4bc27e7cd82","historyId":"7d35084f069a3c11cc06f418cbf8eee1","fullName":"sogeti.com.AutomationFormTest.submitAutomationForm","labels":[{"name":"package","value":"sogeti.com.AutomationFormTest"},{"name":"testClass","value":"sogeti.com.AutomationFormTest"},{"name":"testMethod","value":"submitAutomationForm"},{"name":"parentSuite","value":"Default Suite"},{"name":"suite","value":"Sogeti"},{"name":"subSuite","value":"sogeti.com.AutomationFormTest"},{"name":"host","value":"LAPTOP-KR6P1VOJ"},{"name":"thread","value":"37844@LAPTOP-KR6P1VOJ.main(1)"},{"name":"framework","value":"testng"},{"name":"language","value":"java"},{"name":"feature","value":"Submit Automation Application Form"},{"name":"tag","value":"E2ETest"},{"name":"severity","value":"critical"}],"links":[{"name":"TC02","type":"tms"}],"name":"submitAutomationForm","status":"broken","statusDetails":{"known":false,"muted":false,"flaky":false,"message":"element click intercepted: Element <button id=\"b35711ee-b569-48b4-8ec4-6476dbf61ef8\" name=\"submit\" type=\"submit\" value=\"b35711ee-b569-48b4-8ec4-6476dbf61ef8\" data-f-is-finalized=\"false\" data-f-is-progressive-submit=\"true\" data-f-type=\"submitbutton\" data-f-element-name=\"__field_155435\" class=\"Form__Element FormExcludeDataRebind FormSubmitButton text-white   bg-text-red  \">...</button> is not clickable at point (217, 678). Other element would receive the click: <iframe title=\"recaptcha challenge expires in two minutes\" src=\"https://www.google.com/recaptcha/api2/bframe?hl=en&amp;v=Km9gKuG06He-isPsP6saG8cn&amp;k=6LexQgoaAAAAALYQRoWL4VDPIeQJ21RFjlN_Hb_G\" name=\"c-dis0jpct7d31\" frameborder=\"0\" scrolling=\"no\" sandbox=\"allow-forms allow-popups allow-same-origin allow-scripts allow-top-navigation allow-modals allow-popups-to-escape-sandbox\" data-gtm-yt-inspected-33161183_49=\"true\" data-gtm-yt-inspected-33161183_54=\"true\" data-gtm-yt-inspected-5=\"true\" style=\"width: 400px; height: 580px;\"></iframe>\n  (Session info: chrome=108.0.5359.94)\nBuild info: version: '4.1.1', revision: 'e8fcc2cecf'\nSystem info: host: 'LAPTOP-KR6P1VOJ', ip: '192.168.0.2', os.name: 'Windows 10', os.arch: 'amd64', os.version: '10.0', java.version: '11.0.10'\nDriver info: org.openqa.selenium.chrome.ChromeDriver\nCommand: [55a364b1c6322356939ee27f563668e8, clickElement {id=910d0000-c47c-4a01-9e8c-a9be75b5f286}]\nCapabilities {acceptInsecureCerts: false, browserName: chrome, browserVersion: 108.0.5359.94, chrome: {chromedriverVersion: 108.0.5359.71 (1e0e3868ee06..., userDataDir: C:\\Users\\salee\\AppData\\Loca...}, goog:chromeOptions: {debuggerAddress: localhost:59272}, javascriptEnabled: true, networkConnectionEnabled: false, pageLoadStrategy: normal, platform: WINDOWS, platformName: WINDOWS, proxy: Proxy(), se:cdp: ws://localhost:59272/devtoo..., se:cdpVersion: 108.0.5359.94, setWindowRect: true, strictFileInteractability: false, timeouts: {implicit: 0, pageLoad: 300000, script: 30000}, unhandledPromptBehavior: dismiss and notify, webauthn:extension:credBlob: true, webauthn:extension:largeBlob: true, webauthn:virtualAuthenticators: true}\nElement: [[ChromeDriver: chrome on WINDOWS (55a364b1c6322356939ee27f563668e8)] -> xpath: //button[@name='submit']]\nSession ID: 55a364b1c6322356939ee27f563668e8","trace":"org.openqa.selenium.ElementClickInterceptedException: element click intercepted: Element <button id=\"b35711ee-b569-48b4-8ec4-6476dbf61ef8\" name=\"submit\" type=\"submit\" value=\"b35711ee-b569-48b4-8ec4-6476dbf61ef8\" data-f-is-finalized=\"false\" data-f-is-progressive-submit=\"true\" data-f-type=\"submitbutton\" data-f-element-name=\"__field_155435\" class=\"Form__Element FormExcludeDataRebind FormSubmitButton text-white   bg-text-red  \">...</button> is not clickable at point (217, 678). Other element would receive the click: <iframe title=\"recaptcha challenge expires in two minutes\" src=\"https://www.google.com/recaptcha/api2/bframe?hl=en&amp;v=Km9gKuG06He-isPsP6saG8cn&amp;k=6LexQgoaAAAAALYQRoWL4VDPIeQJ21RFjlN_Hb_G\" name=\"c-dis0jpct7d31\" frameborder=\"0\" scrolling=\"no\" sandbox=\"allow-forms allow-popups allow-same-origin allow-scripts allow-top-navigation allow-modals allow-popups-to-escape-sandbox\" data-gtm-yt-inspected-33161183_49=\"true\" data-gtm-yt-inspected-33161183_54=\"true\" data-gtm-yt-inspected-5=\"true\" style=\"width: 400px; height: 580px;\"></iframe>\n  (Session info: chrome=108.0.5359.94)\nBuild info: version: '4.1.1', revision: 'e8fcc2cecf'\nSystem info: host: 'LAPTOP-KR6P1VOJ', ip: '192.168.0.2', os.name: 'Windows 10', os.arch: 'amd64', os.version: '10.0', java.version: '11.0.10'\nDriver info: org.openqa.selenium.chrome.ChromeDriver\nCommand: [55a364b1c6322356939ee27f563668e8, clickElement {id=910d0000-c47c-4a01-9e8c-a9be75b5f286}]\nCapabilities {acceptInsecureCerts: false, browserName: chrome, browserVersion: 108.0.5359.94, chrome: {chromedriverVersion: 108.0.5359.71 (1e0e3868ee06..., userDataDir: C:\\Users\\salee\\AppData\\Loca...}, goog:chromeOptions: {debuggerAddress: localhost:59272}, javascriptEnabled: true, networkConnectionEnabled: false, pageLoadStrategy: normal, platform: WINDOWS, platformName: WINDOWS, proxy: Proxy(), se:cdp: ws://localhost:59272/devtoo..., se:cdpVersion: 108.0.5359.94, setWindowRect: true, strictFileInteractability: false, timeouts: {implicit: 0, pageLoad: 300000, script: 30000}, unhandledPromptBehavior: dismiss and notify, webauthn:extension:credBlob: true, webauthn:extension:largeBlob: true, webauthn:virtualAuthenticators: true}\nElement: [[ChromeDriver: chrome on WINDOWS (55a364b1c6322356939ee27f563668e8)] -> xpath: //button[@name='submit']]\nSession ID: 55a364b1c6322356939ee27f563668e8\r\n\tat java.base/jdk.internal.reflect.NativeConstructorAccessorImpl.newInstance0(Native Method)\r\n\tat java.base/jdk.internal.reflect.NativeConstructorAccessorImpl.newInstance(NativeConstructorAccessorImpl.java:62)\r\n\tat java.base/jdk.internal.reflect.DelegatingConstructorAccessorImpl.newInstance(DelegatingConstructorAccessorImpl.java:45)\r\n\tat java.base/java.lang.reflect.Constructor.newInstance(Constructor.java:490)\r\n\tat org.openqa.selenium.remote.codec.w3c.W3CHttpResponseCodec.createException(W3CHttpResponseCodec.java:200)\r\n\tat org.openqa.selenium.remote.codec.w3c.W3CHttpResponseCodec.decode(W3CHttpResponseCodec.java:133)\r\n\tat org.openqa.selenium.remote.codec.w3c.W3CHttpResponseCodec.decode(W3CHttpResponseCodec.java:53)\r\n\tat org.openqa.selenium.remote.HttpCommandExecutor.execute(HttpCommandExecutor.java:184)\r\n\tat org.openqa.selenium.remote.service.DriverCommandExecutor.invokeExecute(DriverCommandExecutor.java:167)\r\n\tat org.openqa.selenium.remote.service.DriverCommandExecutor.execute(DriverCommandExecutor.java:142)\r\n\tat org.openqa.selenium.remote.RemoteWebDriver.execute(RemoteWebDriver.java:543)\r\n\tat org.openqa.selenium.remote.RemoteWebElement.execute(RemoteWebElement.java:251)\r\n\tat org.openqa.selenium.remote.RemoteWebElement.click(RemoteWebElement.java:77)\r\n\tat ui.pages.AutomationPage.submitForm(AutomationPage.java:85)\r\n\tat sogeti.com.AutomationFormTest.lambda$submitAutomationForm$4(AutomationFormTest.java:55)\r\n\tat io.qameta.allure.Allure.lambda$step$0(Allure.java:113)\r\n\tat io.qameta.allure.Allure.lambda$step$1(Allure.java:127)\r\n\tat io.qameta.allure.Allure.step(Allure.java:181)\r\n\tat io.qameta.allure.Allure.step(Allure.java:125)\r\n\tat io.qameta.allure.Allure.step(Allure.java:112)\r\n\tat sogeti.com.AutomationFormTest.submitAutomationForm(AutomationFormTest.java:54)\r\n\tat java.base/jdk.internal.reflect.NativeMethodAccessorImpl.invoke0(Native Method)\r\n\tat java.base/jdk.internal.reflect.NativeMethodAccessorImpl.invoke(NativeMethodAccessorImpl.java:62)\r\n\tat java.base/jdk.internal.reflect.DelegatingMethodAccessorImpl.invoke(DelegatingMethodAccessorImpl.java:43)\r\n\tat java.base/java.lang.reflect.Method.invoke(Method.java:566)\r\n\tat org.testng.internal.invokers.MethodInvocationHelper.invokeMethod(MethodInvocationHelper.java:139)\r\n\tat org.testng.internal.invokers.TestInvoker.invokeMethod(TestInvoker.java:677)\r\n\tat org.testng.internal.invokers.TestInvoker.invokeTestMethod(TestInvoker.java:221)\r\n\tat org.testng.internal.invokers.MethodRunner.runInSequence(MethodRunner.java:50)\r\n\tat org.testng.internal.invokers.TestInvoker$MethodInvocationAgent.invoke(TestInvoker.java:962)\r\n\tat org.testng.internal.invokers.TestInvoker.invokeTestMethods(TestInvoker.java:194)\r\n\tat org.testng.internal.invokers.TestMethodWorker.invokeTestMethods(TestMethodWorker.java:148)\r\n\tat org.testng.internal.invokers.TestMethodWorker.run(TestMethodWorker.java:128)\r\n\tat java.base/java.util.ArrayList.forEach(ArrayList.java:1541)\r\n\tat org.testng.TestRunner.privateRun(TestRunner.java:806)\r\n\tat org.testng.TestRunner.run(TestRunner.java:601)\r\n\tat org.testng.SuiteRunner.runTest(SuiteRunner.java:433)\r\n\tat org.testng.SuiteRunner.runSequentially(SuiteRunner.java:427)\r\n\tat org.testng.SuiteRunner.privateRun(SuiteRunner.java:387)\r\n\tat org.testng.SuiteRunner.run(SuiteRunner.java:330)\r\n\tat org.testng.SuiteRunnerWorker.runSuite(SuiteRunnerWorker.java:52)\r\n\tat org.testng.SuiteRunnerWorker.run(SuiteRunnerWorker.java:95)\r\n\tat org.testng.TestNG.runSuitesSequentially(TestNG.java:1256)\r\n\tat org.testng.TestNG.runSuitesLocally(TestNG.java:1176)\r\n\tat org.testng.TestNG.runSuites(TestNG.java:1099)\r\n\tat org.testng.TestNG.run(TestNG.java:1067)\r\n\tat com.intellij.rt.testng.IDEARemoteTestNG.run(IDEARemoteTestNG.java:66)\r\n\tat com.intellij.rt.testng.RemoteTestNGStarter.main(RemoteTestNGStarter.java:109)\r\n"},"stage":"finished","description":"Verify if user submit Automation form successfully","steps":[{"name":"User launched Sogeti home page and accept cookies","status":"passed","stage":"finished","steps":[],"attachments":[],"parameters":[],"start":1670576038880,"stop":1670576040939},{"name":"Hover Services Link and then Click Automation link.","status":"passed","stage":"finished","steps":[],"attachments":[],"parameters":[],"start":1670576040940,"stop":1670576044499},{"name":"Fill the Automation form","status":"passed","stage":"finished","steps":[],"attachments":[],"parameters":[],"start":1670576044503,"stop":1670576045709},{"name":"Select I agree and not a robot checkbox","status":"passed","stage":"finished","steps":[],"attachments":[{"name":"Automation page","source":"23676cdb-fd25-4e71-a70f-ca2ff4295024-attachment"}],"parameters":[],"start":1670576045710,"stop":1670576046896},{"name":"User submit the Application Form","status":"broken","statusDetails":{"known":false,"muted":false,"flaky":false,"message":"element click intercepted: Element <button id=\"b35711ee-b569-48b4-8ec4-6476dbf61ef8\" name=\"submit\" type=\"submit\" value=\"b35711ee-b569-48b4-8ec4-6476dbf61ef8\" data-f-is-finalized=\"false\" data-f-is-progressive-submit=\"true\" data-f-type=\"submitbutton\" data-f-element-name=\"__field_155435\" class=\"Form__Element FormExcludeDataRebind FormSubmitButton text-white   bg-text-red  \">...</button> is not clickable at point (217, 678). Other element would receive the click: <iframe title=\"recaptcha challenge expires in two minutes\" src=\"https://www.google.com/recaptcha/api2/bframe?hl=en&amp;v=Km9gKuG06He-isPsP6saG8cn&amp;k=6LexQgoaAAAAALYQRoWL4VDPIeQJ21RFjlN_Hb_G\" name=\"c-dis0jpct7d31\" frameborder=\"0\" scrolling=\"no\" sandbox=\"allow-forms allow-popups allow-same-origin allow-scripts allow-top-navigation allow-modals allow-popups-to-escape-sandbox\" data-gtm-yt-inspected-33161183_49=\"true\" data-gtm-yt-inspected-33161183_54=\"true\" data-gtm-yt-inspected-5=\"true\" style=\"width: 400px; height: 580px;\"></iframe>\n  (Session info: chrome=108.0.5359.94)\nBuild info: version: '4.1.1', revision: 'e8fcc2cecf'\nSystem info: host: 'LAPTOP-KR6P1VOJ', ip: '192.168.0.2', os.name: 'Windows 10', os.arch: 'amd64', os.version: '10.0', java.version: '11.0.10'\nDriver info: org.openqa.selenium.chrome.ChromeDriver\nCommand: [55a364b1c6322356939ee27f563668e8, clickElement {id=910d0000-c47c-4a01-9e8c-a9be75b5f286}]\nCapabilities {acceptInsecureCerts: false, browserName: chrome, browserVersion: 108.0.5359.94, chrome: {chromedriverVersion: 108.0.5359.71 (1e0e3868ee06..., userDataDir: C:\\Users\\salee\\AppData\\Loca...}, goog:chromeOptions: {debuggerAddress: localhost:59272}, javascriptEnabled: true, networkConnectionEnabled: false, pageLoadStrategy: normal, platform: WINDOWS, platformName: WINDOWS, proxy: Proxy(), se:cdp: ws://localhost:59272/devtoo..., se:cdpVersion: 108.0.5359.94, setWindowRect: true, strictFileInteractability: false, timeouts: {implicit: 0, pageLoad: 300000, script: 30000}, unhandledPromptBehavior: dismiss and notify, webauthn:extension:credBlob: true, webauthn:extension:largeBlob: true, webauthn:virtualAuthenticators: true}\nElement: [[ChromeDriver: chrome on WINDOWS (55a364b1c6322356939ee27f563668e8)] -> xpath: //button[@name='submit']]\nSession ID: 55a364b1c6322356939ee27f563668e8","trace":"org.openqa.selenium.ElementClickInterceptedException: element click intercepted: Element <button id=\"b35711ee-b569-48b4-8ec4-6476dbf61ef8\" name=\"submit\" type=\"submit\" value=\"b35711ee-b569-48b4-8ec4-6476dbf61ef8\" data-f-is-finalized=\"false\" data-f-is-progressive-submit=\"true\" data-f-type=\"submitbutton\" data-f-element-name=\"__field_155435\" class=\"Form__Element FormExcludeDataRebind FormSubmitButton text-white   bg-text-red  \">...</button> is not clickable at point (217, 678). Other element would receive the click: <iframe title=\"recaptcha challenge expires in two minutes\" src=\"https://www.google.com/recaptcha/api2/bframe?hl=en&amp;v=Km9gKuG06He-isPsP6saG8cn&amp;k=6LexQgoaAAAAALYQRoWL4VDPIeQJ21RFjlN_Hb_G\" name=\"c-dis0jpct7d31\" frameborder=\"0\" scrolling=\"no\" sandbox=\"allow-forms allow-popups allow-same-origin allow-scripts allow-top-navigation allow-modals allow-popups-to-escape-sandbox\" data-gtm-yt-inspected-33161183_49=\"true\" data-gtm-yt-inspected-33161183_54=\"true\" data-gtm-yt-inspected-5=\"true\" style=\"width: 400px; height: 580px;\"></iframe>\n  (Session info: chrome=108.0.5359.94)\nBuild info: version: '4.1.1', revision: 'e8fcc2cecf'\nSystem info: host: 'LAPTOP-KR6P1VOJ', ip: '192.168.0.2', os.name: 'Windows 10', os.arch: 'amd64', os.version: '10.0', java.version: '11.0.10'\nDriver info: org.openqa.selenium.chrome.ChromeDriver\nCommand: [55a364b1c6322356939ee27f563668e8, clickElement {id=910d0000-c47c-4a01-9e8c-a9be75b5f286}]\nCapabilities {acceptInsecureCerts: false, browserName: chrome, browserVersion: 108.0.5359.94, chrome: {chromedriverVersion: 108.0.5359.71 (1e0e3868ee06..., userDataDir: C:\\Users\\salee\\AppData\\Loca...}, goog:chromeOptions: {debuggerAddress: localhost:59272}, javascriptEnabled: true, networkConnectionEnabled: false, pageLoadStrategy: normal, platform: WINDOWS, platformName: WINDOWS, proxy: Proxy(), se:cdp: ws://localhost:59272/devtoo..., se:cdpVersion: 108.0.5359.94, setWindowRect: true, strictFileInteractability: false, timeouts: {implicit: 0, pageLoad: 300000, script: 30000}, unhandledPromptBehavior: dismiss and notify, webauthn:extension:credBlob: true, webauthn:extension:largeBlob: true, webauthn:virtualAuthenticators: true}\nElement: [[ChromeDriver: chrome on WINDOWS (55a364b1c6322356939ee27f563668e8)] -> xpath: //button[@name='submit']]\nSession ID: 55a364b1c6322356939ee27f563668e8\r\n\tat java.base/jdk.internal.reflect.NativeConstructorAccessorImpl.newInstance0(Native Method)\r\n\tat java.base/jdk.internal.reflect.NativeConstructorAccessorImpl.newInstance(NativeConstructorAccessorImpl.java:62)\r\n\tat java.base/jdk.internal.reflect.DelegatingConstructorAccessorImpl.newInstance(DelegatingConstructorAccessorImpl.java:45)\r\n\tat java.base/java.lang.reflect.Constructor.newInstance(Constructor.java:490)\r\n\tat org.openqa.selenium.remote.codec.w3c.W3CHttpResponseCodec.createException(W3CHttpResponseCodec.java:200)\r\n\tat org.openqa.selenium.remote.codec.w3c.W3CHttpResponseCodec.decode(W3CHttpResponseCodec.java:133)\r\n\tat org.openqa.selenium.remote.codec.w3c.W3CHttpResponseCodec.decode(W3CHttpResponseCodec.java:53)\r\n\tat org.openqa.selenium.remote.HttpCommandExecutor.execute(HttpCommandExecutor.java:184)\r\n\tat org.openqa.selenium.remote.service.DriverCommandExecutor.invokeExecute(DriverCommandExecutor.java:167)\r\n\tat org.openqa.selenium.remote.service.DriverCommandExecutor.execute(DriverCommandExecutor.java:142)\r\n\tat org.openqa.selenium.remote.RemoteWebDriver.execute(RemoteWebDriver.java:543)\r\n\tat org.openqa.selenium.remote.RemoteWebElement.execute(RemoteWebElement.java:251)\r\n\tat org.openqa.selenium.remote.RemoteWebElement.click(RemoteWebElement.java:77)\r\n\tat ui.pages.AutomationPage.submitForm(AutomationPage.java:85)\r\n\tat sogeti.com.AutomationFormTest.lambda$submitAutomationForm$4(AutomationFormTest.java:55)\r\n\tat io.qameta.allure.Allure.lambda$step$0(Allure.java:113)\r\n\tat io.qameta.allure.Allure.lambda$step$1(Allure.java:127)\r\n\tat io.qameta.allure.Allure.step(Allure.java:181)\r\n\tat io.qameta.allure.Allure.step(Allure.java:125)\r\n\tat io.qameta.allure.Allure.step(Allure.java:112)\r\n\tat sogeti.com.AutomationFormTest.submitAutomationForm(AutomationFormTest.java:54)\r\n\tat java.base/jdk.internal.reflect.NativeMethodAccessorImpl.invoke0(Native Method)\r\n\tat java.base/jdk.internal.reflect.NativeMethodAccessorImpl.invoke(NativeMethodAccessorImpl.java:62)\r\n\tat java.base/jdk.internal.reflect.DelegatingMethodAccessorImpl.invoke(DelegatingMethodAccessorImpl.java:43)\r\n\tat java.base/java.lang.reflect.Method.invoke(Method.java:566)\r\n\tat org.testng.internal.invokers.MethodInvocationHelper.invokeMethod(MethodInvocationHelper.java:139)\r\n\tat org.testng.internal.invokers.TestInvoker.invokeMethod(TestInvoker.java:677)\r\n\tat org.testng.internal.invokers.TestInvoker.invokeTestMethod(TestInvoker.java:221)\r\n\tat org.testng.internal.invokers.MethodRunner.runInSequence(MethodRunner.java:50)\r\n\tat org.testng.internal.invokers.TestInvoker$MethodInvocationAgent.invoke(TestInvoker.java:962)\r\n\tat org.testng.internal.invokers.TestInvoker.invokeTestMethods(TestInvoker.java:194)\r\n\tat org.testng.internal.invokers.TestMethodWorker.invokeTestMethods(TestMethodWorker.java:148)\r\n\tat org.testng.internal.invokers.TestMethodWorker.run(TestMethodWorker.java:128)\r\n\tat java.base/java.util.ArrayList.forEach(ArrayList.java:1541)\r\n\tat org.testng.TestRunner.privateRun(TestRunner.java:806)\r\n\tat org.testng.TestRunner.run(TestRunner.java:601)\r\n\tat org.testng.SuiteRunner.runTest(SuiteRunner.java:433)\r\n\tat org.testng.SuiteRunner.runSequentially(SuiteRunner.java:427)\r\n\tat org.testng.SuiteRunner.privateRun(SuiteRunner.java:387)\r\n\tat org.testng.SuiteRunner.run(SuiteRunner.java:330)\r\n\tat org.testng.SuiteRunnerWorker.runSuite(SuiteRunnerWorker.java:52)\r\n\tat org.testng.SuiteRunnerWorker.run(SuiteRunnerWorker.java:95)\r\n\tat org.testng.TestNG.runSuitesSequentially(TestNG.java:1256)\r\n\tat org.testng.TestNG.runSuitesLocally(TestNG.java:1176)\r\n\tat org.testng.TestNG.runSuites(TestNG.java:1099)\r\n\tat org.testng.TestNG.run(TestNG.java:1067)\r\n\tat com.intellij.rt.testng.IDEARemoteTestNG.run(IDEARemoteTestNG.java:66)\r\n\tat com.intellij.rt.testng.RemoteTestNGStarter.main(RemoteTestNGStarter.java:109)\r\n"},"stage":"finished","steps":[],"attachments":[],"parameters":[],"start":1670576046896,"stop":1670576053111}],"attachments":[],"parameters":[],"start":1670576038879,"stop":1670576053113}